bits-fieldcoach-app/app/build/intermediates/manifest_merge_blame_file/debug/manifest-merger-blame-debug-report.txt
1<?xml version="1.0" encoding="utf-8"?>
2<manifest xmlns:android="http://schemas.android.com/apk/res/android"
3    package="com.bits.fieldcoach"
4    android:versionCode="1"
5    android:versionName="1.0.0" >
6
7    <uses-sdk
8        android:minSdkVersion="26"
9        android:targetSdkVersion="34" />
10
11    <!-- BLE permissions -->
12    <uses-permission
12-->src/main/AndroidManifest.xml:5:5-68
13        android:name="android.permission.BLUETOOTH"
13-->src/main/AndroidManifest.xml:5:22-65
14        android:maxSdkVersion="30" />
14-->[no.nordicsemi.android:ble:2.7.4] AndroidManifest.xml:9:9-35
15    <uses-permission android:name="android.permission.BLUETOOTH_ADMIN" />
15-->src/main/AndroidManifest.xml:6:5-74
15-->src/main/AndroidManifest.xml:6:22-71
16    <uses-permission android:name="android.permission.BLUETOOTH_CONNECT" />
16-->src/main/AndroidManifest.xml:7:5-76
16-->src/main/AndroidManifest.xml:7:22-73
17    <uses-permission android:name="android.permission.BLUETOOTH_SCAN" />
17-->src/main/AndroidManifest.xml:8:5-73
17-->src/main/AndroidManifest.xml:8:22-70
18    <uses-permission android:name="android.permission.BLUETOOTH_ADVERTISE" />
18-->src/main/AndroidManifest.xml:9:5-78
18-->src/main/AndroidManifest.xml:9:22-75
19    <uses-permission android:name="android.permission.ACCESS_FINE_LOCATION" />
19-->src/main/AndroidManifest.xml:10:5-79
19-->src/main/AndroidManifest.xml:10:22-76
20    <uses-permission android:name="android.permission.ACCESS_COARSE_LOCATION" />
20-->src/main/AndroidManifest.xml:11:5-81
20-->src/main/AndroidManifest.xml:11:22-78
21
22    <!-- Audio permissions -->
23    <uses-permission android:name="android.permission.RECORD_AUDIO" />
23-->src/main/AndroidManifest.xml:14:5-71
23-->src/main/AndroidManifest.xml:14:22-68
24
25    <!-- Camera permissions -->
26    <uses-permission android:name="android.permission.CAMERA" />
26-->src/main/AndroidManifest.xml:17:5-65
26-->src/main/AndroidManifest.xml:17:22-62
27
28    <!-- Network for Field Coach API -->
29    <uses-permission android:name="android.permission.INTERNET" />
29-->src/main/AndroidManifest.xml:20:5-67
29-->src/main/AndroidManifest.xml:20:22-64
30    <uses-permission android:name="android.permission.ACCESS_NETWORK_STATE" />
30-->src/main/AndroidManifest.xml:21:5-79
30-->src/main/AndroidManifest.xml:21:22-76
31
32    <!-- Bluetooth audio routing -->
33    <uses-permission android:name="android.permission.MODIFY_AUDIO_SETTINGS" />
33-->src/main/AndroidManifest.xml:24:5-80
33-->src/main/AndroidManifest.xml:24:22-77
34
35    <!-- Keep alive in background -->
36    <uses-permission android:name="android.permission.FOREGROUND_SERVICE" />
36-->src/main/AndroidManifest.xml:27:5-77
36-->src/main/AndroidManifest.xml:27:22-74
37    <uses-permission android:name="android.permission.FOREGROUND_SERVICE_CONNECTED_DEVICE" />
37-->src/main/AndroidManifest.xml:28:5-94
37-->src/main/AndroidManifest.xml:28:22-91
38    <uses-permission android:name="android.permission.WAKE_LOCK" />
38-->src/main/AndroidManifest.xml:29:5-68
38-->src/main/AndroidManifest.xml:29:22-65
39
40    <!-- BLE feature declaration -->
41    <uses-feature
41-->src/main/AndroidManifest.xml:32:5-90
42        android:name="android.hardware.bluetooth_le"
42-->src/main/AndroidManifest.xml:32:19-63
43        android:required="true" />
43-->src/main/AndroidManifest.xml:32:64-87
44    <uses-feature
44-->src/main/AndroidManifest.xml:33:5-85
45        android:name="android.hardware.camera"
45-->src/main/AndroidManifest.xml:33:19-57
46        android:required="false" />
46-->src/main/AndroidManifest.xml:33:58-82
47
48    <permission
48-->[androidx.core:core:1.12.0] AndroidManifest.xml:22:5-24:47
49        android:name="com.bits.fieldcoach.DYNAMIC_RECEIVER_NOT_EXPORTED_PERMISSION"
49-->[androidx.core:core:1.12.0] AndroidManifest.xml:23:9-81
50        android:protectionLevel="signature" />
50-->[androidx.core:core:1.12.0] AndroidManifest.xml:24:9-44
51
52    <uses-permission android:name="com.bits.fieldcoach.DYNAMIC_RECEIVER_NOT_EXPORTED_PERMISSION" />
52-->[androidx.core:core:1.12.0] AndroidManifest.xml:26:5-97
52-->[androidx.core:core:1.12.0] AndroidManifest.xml:26:22-94
53
54    <application
54-->src/main/AndroidManifest.xml:35:5-76:19
55        android:name="com.bits.fieldcoach.FieldCoachApp"
55-->src/main/AndroidManifest.xml:36:9-38
56        android:allowBackup="true"
56-->src/main/AndroidManifest.xml:37:9-35
57        android:appComponentFactory="androidx.core.app.CoreComponentFactory"
57-->[androidx.core:core:1.12.0] AndroidManifest.xml:28:18-86
58        android:debuggable="true"
59        android:extractNativeLibs="false"
60        android:icon="@mipmap/ic_launcher"
60-->src/main/AndroidManifest.xml:38:9-43
61        android:label="BITS Field Coach"
61-->src/main/AndroidManifest.xml:39:9-41
62        android:roundIcon="@mipmap/ic_launcher_round"
62-->src/main/AndroidManifest.xml:40:9-54
63        android:supportsRtl="true"
63-->src/main/AndroidManifest.xml:41:9-35
64        android:theme="@style/Theme.BITSFieldCoach" >
64-->src/main/AndroidManifest.xml:42:9-52
65        <activity
65-->src/main/AndroidManifest.xml:44:9-52:20
66            android:name="com.bits.fieldcoach.MainActivity"
66-->src/main/AndroidManifest.xml:45:13-41
67            android:exported="true"
67-->src/main/AndroidManifest.xml:46:13-36
68            android:screenOrientation="portrait" >
68-->src/main/AndroidManifest.xml:47:13-49
69            <intent-filter>
69-->src/main/AndroidManifest.xml:48:13-51:29
70                <action android:name="android.intent.action.MAIN" />
70-->src/main/AndroidManifest.xml:49:17-69
70-->src/main/AndroidManifest.xml:49:25-66
71
72                <category android:name="android.intent.category.LAUNCHER" />
72-->src/main/AndroidManifest.xml:50:17-77
72-->src/main/AndroidManifest.xml:50:27-74
73            </intent-filter>
74        </activity>
75
76        <!-- File provider for camera photos -->
77        <provider
78            android:name="androidx.core.content.FileProvider"
78-->src/main/AndroidManifest.xml:56:13-62
79            android:authorities="com.bits.fieldcoach.fileprovider"
79-->src/main/AndroidManifest.xml:57:13-64
80            android:exported="false"
80-->src/main/AndroidManifest.xml:58:13-37
81            android:grantUriPermissions="true" >
81-->src/main/AndroidManifest.xml:59:13-47
82            <meta-data
82-->src/main/AndroidManifest.xml:60:13-62:54
83                android:name="android.support.FILE_PROVIDER_PATHS"
83-->src/main/AndroidManifest.xml:61:17-67
84                android:resource="@xml/file_paths" />
84-->src/main/AndroidManifest.xml:62:17-51
85        </provider>
86
87        <!-- Live camera preview screen -->
88        <activity
88-->src/main/AndroidManifest.xml:66:9-68:52
89            android:name="com.bits.fieldcoach.CameraPreviewActivity"
89-->src/main/AndroidManifest.xml:67:13-50
90            android:screenOrientation="portrait" />
90-->src/main/AndroidManifest.xml:68:13-49
91
92        <!-- BLE foreground service for persistent glasses connection -->
93        <service
93-->src/main/AndroidManifest.xml:71:9-74:40
94            android:name="com.bits.fieldcoach.ble.GlassesConnectionService"
94-->src/main/AndroidManifest.xml:72:13-57
95            android:exported="false"
95-->src/main/AndroidManifest.xml:74:13-37
96            android:foregroundServiceType="connectedDevice" />
96-->src/main/AndroidManifest.xml:73:13-60
97
98        <provider
98-->[androidx.emoji2:emoji2:1.2.0] AndroidManifest.xml:24:9-32:20
99            android:name="androidx.startup.InitializationProvider"
99-->[androidx.emoji2:emoji2:1.2.0] AndroidManifest.xml:25:13-67
100            android:authorities="com.bits.fieldcoach.androidx-startup"
100-->[androidx.emoji2:emoji2:1.2.0] AndroidManifest.xml:26:13-68
101            android:exported="false" >
101-->[androidx.emoji2:emoji2:1.2.0] AndroidManifest.xml:27:13-37
102            <meta-data
102-->[androidx.emoji2:emoji2:1.2.0] AndroidManifest.xml:29:13-31:52
103                android:name="androidx.emoji2.text.EmojiCompatInitializer"
103-->[androidx.emoji2:emoji2:1.2.0] AndroidManifest.xml:30:17-75
104                android:value="androidx.startup" />
104-->[androidx.emoji2:emoji2:1.2.0] AndroidManifest.xml:31:17-49
105            <meta-data
105-->[androidx.lifecycle:lifecycle-process:2.7.0] AndroidManifest.xml:29:13-31:52
106                android:name="androidx.lifecycle.ProcessLifecycleInitializer"
106-->[androidx.lifecycle:lifecycle-process:2.7.0] AndroidManifest.xml:30:17-78
107                android:value="androidx.startup" />
107-->[androidx.lifecycle:lifecycle-process:2.7.0] AndroidManifest.xml:31:17-49
108            <meta-data
108-->[androidx.profileinstaller:profileinstaller:1.3.0] AndroidManifest.xml:29:13-31:52
109                android:name="androidx.profileinstaller.ProfileInstallerInitializer"
109-->[androidx.profileinstaller:profileinstaller:1.3.0] AndroidManifest.xml:30:17-85
110                android:value="androidx.startup" />
110-->[androidx.profileinstaller:profileinstaller:1.3.0] AndroidManifest.xml:31:17-49
111        </provider>
112
113        <receiver
113-->[androidx.profileinstaller:profileinstaller:1.3.0] AndroidManifest.xml:34:9-52:20
114            android:name="androidx.profileinstaller.ProfileInstallReceiver"
114-->[androidx.profileinstaller:profileinstaller:1.3.0] AndroidManifest.xml:35:13-76
115            android:directBootAware="false"
115-->[androidx.profileinstaller:profileinstaller:1.3.0] AndroidManifest.xml:36:13-44
116            android:enabled="true"
116-->[androidx.profileinstaller:profileinstaller:1.3.0] AndroidManifest.xml:37:13-35
117            android:exported="true"
117-->[androidx.profileinstaller:profileinstaller:1.3.0] AndroidManifest.xml:38:13-36
118            android:permission="android.permission.DUMP" >
118-->[androidx.profileinstaller:profileinstaller:1.3.0] AndroidManifest.xml:39:13-57
119            <intent-filter>
119-->[androidx.profileinstaller:profileinstaller:1.3.0] AndroidManifest.xml:40:13-42:29
120                <action android:name="androidx.profileinstaller.action.INSTALL_PROFILE" />
120-->[androidx.profileinstaller:profileinstaller:1.3.0] AndroidManifest.xml:41:17-91
120-->[androidx.profileinstaller:profileinstaller:1.3.0] AndroidManifest.xml:41:25-88
121            </intent-filter>
122            <intent-filter>
122-->[androidx.profileinstaller:profileinstaller:1.3.0] AndroidManifest.xml:43:13-45:29
123                <action android:name="androidx.profileinstaller.action.SKIP_FILE" />
123-->[androidx.profileinstaller:profileinstaller:1.3.0] AndroidManifest.xml:44:17-85
123-->[androidx.profileinstaller:profileinstaller:1.3.0] AndroidManifest.xml:44:25-82
124            </intent-filter>
125            <intent-filter>
125-->[androidx.profileinstaller:profileinstaller:1.3.0] AndroidManifest.xml:46:13-48:29
126                <action android:name="androidx.profileinstaller.action.SAVE_PROFILE" />
126-->[androidx.profileinstaller:profileinstaller:1.3.0] AndroidManifest.xml:47:17-88
126-->[androidx.profileinstaller:profileinstaller:1.3.0] AndroidManifest.xml:47:25-85
127            </intent-filter>
128            <intent-filter>
128-->[androidx.profileinstaller:profileinstaller:1.3.0] AndroidManifest.xml:49:13-51:29
129                <action android:name="androidx.profileinstaller.action.BENCHMARK_OPERATION" />
129-->[androidx.profileinstaller:profileinstaller:1.3.0] AndroidManifest.xml:50:17-95
129-->[androidx.profileinstaller:profileinstaller:1.3.0] AndroidManifest.xml:50:25-92
130            </intent-filter>
131        </receiver>
132    </application>
133
134</manifest>